calibration_manager.cpp(188): info "libplatmod_pdk.so loaded succesfully" in function "load_library"
calibration_manager.cpp(188): info "libplatmod_is4.so loaded succesfully" in function "load_library"
signature.cpp(137): warning "fopen for sig file failed : /usr/share/tobii_engine/platform_modules/libplatmod_pdk.sig" in function "se_security_verify_binary"
signature.cpp(86): warning "EVP_DigestVerifyFinal Failed Key: DEBUG_PUBLICKEY" in function "process_openssl_signature_process"
signature.cpp(166): warning "Integrity Check for sig file failed : /usr/share/tobii_engine/platform_modules/libplatmod_is4.sig" in function "se_security_verify_binary"
se_services_host.cpp(366): info "Starting web socket server with id: 1" in function "run_server"
se_services_host.cpp(366): info "Starting web socket server with id: 2" in function "run_server"
se_local_ipc_server.cpp(123): info "Started listening for socket connections!" in function "local_ipc_server_run"
websocket_server.cpp(332): info "Started listening for websocket connections!
" in function "ws_srv_run"
calibration_manager.cpp(188): info "libplatmod_pdk.so loaded succesfully" in function "load_library"
calibration_manager.cpp(188): info "libplatmod_is4.so loaded succesfully" in function "load_library"
signature.cpp(137): warning "fopen for sig file failed : /usr/share/tobii_engine/platform_modules/libplatmod_pdk.sig" in function "se_security_verify_binary"
signature.cpp(86): warning "EVP_DigestVerifyFinal Failed Key: DEBUG_PUBLICKEY" in function "process_openssl_signature_process"
signature.cpp(166): warning "Integrity Check for sig file failed : /usr/share/tobii_engine/platform_modules/libplatmod_is4.sig" in function "se_security_verify_binary"
se_services_host.cpp(366): info "Starting web socket server with id: 1" in function "run_server"
se_services_host.cpp(366): info "Starting web socket server with id: 2" in function "run_server"
se_local_ipc_server.cpp(123): info "Started listening for socket connections!" in function "local_ipc_server_run"
websocket_server.cpp(332): info "Started listening for websocket connections!
" in function "ws_srv_run"
calibration_manager.cpp(188): info "libplatmod_pdk.so loaded succesfully" in function "load_library"
calibration_manager.cpp(188): info "libplatmod_is4.so loaded succesfully" in function "load_library"
signature.cpp(137): warning "fopen for sig file failed : /usr/share/tobii_engine/platform_modules/libplatmod_pdk.sig" in function "se_security_verify_binary"
signature.cpp(86): warning "EVP_DigestVerifyFinal Failed Key: DEBUG_PUBLICKEY" in function "process_openssl_signature_process"
signature.cpp(166): warning "Integrity Check for sig file failed : /usr/share/tobii_engine/platform_modules/libplatmod_is4.sig" in function "se_security_verify_binary"
se_services_host.cpp(366): info "Starting web socket server with id: 1" in function "run_server"
se_services_host.cpp(366): info "Starting web socket server with id: 2" in function "run_server"
se_local_ipc_server.cpp(123): info "Started listening for socket connections!" in function "local_ipc_server_run"
websocket_server.cpp(332): info "Started listening for websocket connections!
" in function "ws_srv_run"
calibration_manager.cpp(188): info "libplatmod_pdk.so loaded succesfully" in function "load_library"
calibration_manager.cpp(188): info "libplatmod_is4.so loaded succesfully" in function "load_library"
signature.cpp(137): warning "fopen for sig file failed : /usr/share/tobii_engine/platform_modules/libplatmod_pdk.sig" in function "se_security_verify_binary"
signature.cpp(86): warning "EVP_DigestVerifyFinal Failed Key: DEBUG_PUBLICKEY" in function "process_openssl_signature_process"
signature.cpp(166): warning "Integrity Check for sig file failed : /usr/share/tobii_engine/platform_modules/libplatmod_is4.sig" in function "se_security_verify_binary"
se_services_host.cpp(366): info "Starting web socket server with id: 1" in function "run_server"
se_services_host.cpp(366): info "Starting web socket server with id: 2" in function "run_server"
se_local_ipc_server.cpp(123): info "Started listening for socket connections!" in function "local_ipc_server_run"
websocket_server.cpp(332): info "Started listening for websocket connections!
" in function "ws_srv_run"
calibration_manager.cpp(188): info "libplatmod_pdk.so loaded succesfully" in function "load_library"
calibration_manager.cpp(188): info "libplatmod_is4.so loaded succesfully" in function "load_library"
signature.cpp(137): warning "fopen for sig file failed : /usr/share/tobii_engine/platform_modules/libplatmod_pdk.sig" in function "se_security_verify_binary"
signature.cpp(86): warning "EVP_DigestVerifyFinal Failed Key: DEBUG_PUBLICKEY" in function "process_openssl_signature_process"
signature.cpp(166): warning "Integrity Check for sig file failed : /usr/share/tobii_engine/platform_modules/libplatmod_is4.sig" in function "se_security_verify_binary"
se_services_host.cpp(366): info "Starting web socket server with id: 1" in function "run_server"
se_services_host.cpp(366): info "Starting web socket server with id: 2" in function "run_server"
se_local_ipc_server.cpp(123): info "Started listening for socket connections!" in function "local_ipc_server_run"
websocket_server.cpp(332): info "Started listening for websocket connections!
" in function "ws_srv_run"
calibration_manager.cpp(188): info "libplatmod_pdk.so loaded succesfully" in function "load_library"
calibration_manager.cpp(188): info "libplatmod_is4.so loaded succesfully" in function "load_library"
signature.cpp(137): warning "fopen for sig file failed : /usr/share/tobii_engine/platform_modules/libplatmod_pdk.sig" in function "se_security_verify_binary"
signature.cpp(86): warning "EVP_DigestVerifyFinal Failed Key: DEBUG_PUBLICKEY" in function "process_openssl_signature_process"
signature.cpp(166): warning "Integrity Check for sig file failed : /usr/share/tobii_engine/platform_modules/libplatmod_is4.sig" in function "se_security_verify_binary"
se_services_host.cpp(366): info "Starting web socket server with id: 1" in function "run_server"
se_services_host.cpp(366): info "Starting web socket server with id: 2" in function "run_server"
se_local_ipc_server.cpp(123): info "Started listening for socket connections!" in function "local_ipc_server_run"
websocket_server.cpp(332): info "Started listening for websocket connections!
" in function "ws_srv_run"
